<?xml version="1.0" encoding="UTF-8"?>
<testsuite xmlns:xsi="http://www.w3.org/2001/XMLSchema-instance" xsi:noNamespaceSchemaLocation="https://maven.apache.org/surefire/maven-surefire-plugin/xsd/surefire-test-report.xsd" name="com.challenge.suite.ChallengeTestSuite" time="11.58" tests="102" errors="3" skipped="0" failures="0">
  <properties>
    <property name="sun.desktop" value="gnome"/>
    <property name="awt.toolkit" value="sun.awt.X11.XToolkit"/>
    <property name="java.specification.version" value="11"/>
    <property name="sun.cpu.isalist" value=""/>
    <property name="sun.jnu.encoding" value="UTF-8"/>
    <property name="java.class.path" value="/home/ricardorosa/codenation/java-9/target/test-classes:/home/ricardorosa/codenation/java-9/target/classes:/home/ricardorosa/.m2/repository/org/springframework/boot/spring-boot-starter-data-jpa/2.1.6.RELEASE/spring-boot-starter-data-jpa-2.1.6.RELEASE.jar:/home/ricardorosa/.m2/repository/org/springframework/boot/spring-boot-starter-aop/2.1.6.RELEASE/spring-boot-starter-aop-2.1.6.RELEASE.jar:/home/ricardorosa/.m2/repository/org/springframework/spring-aop/5.1.8.RELEASE/spring-aop-5.1.8.RELEASE.jar:/home/ricardorosa/.m2/repository/org/aspectj/aspectjweaver/1.9.4/aspectjweaver-1.9.4.jar:/home/ricardorosa/.m2/repository/org/springframework/boot/spring-boot-starter-jdbc/2.1.6.RELEASE/spring-boot-starter-jdbc-2.1.6.RELEASE.jar:/home/ricardorosa/.m2/repository/com/zaxxer/HikariCP/3.2.0/HikariCP-3.2.0.jar:/home/ricardorosa/.m2/repository/org/springframework/spring-jdbc/5.1.8.RELEASE/spring-jdbc-5.1.8.RELEASE.jar:/home/ricardorosa/.m2/repository/javax/transaction/javax.transaction-api/1.3/javax.transaction-api-1.3.jar:/home/ricardorosa/.m2/repository/javax/xml/bind/jaxb-api/2.3.1/jaxb-api-2.3.1.jar:/home/ricardorosa/.m2/repository/org/springframework/data/spring-data-jpa/2.1.9.RELEASE/spring-data-jpa-2.1.9.RELEASE.jar:/home/ricardorosa/.m2/repository/org/springframework/data/spring-data-commons/2.1.9.RELEASE/spring-data-commons-2.1.9.RELEASE.jar:/home/ricardorosa/.m2/repository/org/springframework/spring-orm/5.1.8.RELEASE/spring-orm-5.1.8.RELEASE.jar:/home/ricardorosa/.m2/repository/org/springframework/spring-context/5.1.8.RELEASE/spring-context-5.1.8.RELEASE.jar:/home/ricardorosa/.m2/repository/org/springframework/spring-tx/5.1.8.RELEASE/spring-tx-5.1.8.RELEASE.jar:/home/ricardorosa/.m2/repository/org/springframework/spring-beans/5.1.8.RELEASE/spring-beans-5.1.8.RELEASE.jar:/home/ricardorosa/.m2/repository/org/slf4j/slf4j-api/1.7.26/slf4j-api-1.7.26.jar:/home/ricardorosa/.m2/repository/org/springframework/spring-aspects/5.1.8.RELEASE/spring-aspects-5.1.8.RELEASE.jar:/home/ricardorosa/.m2/repository/org/springframework/boot/spring-boot-starter-web/2.1.6.RELEASE/spring-boot-starter-web-2.1.6.RELEASE.jar:/home/ricardorosa/.m2/repository/org/springframework/boot/spring-boot-starter/2.1.6.RELEASE/spring-boot-starter-2.1.6.RELEASE.jar:/home/ricardorosa/.m2/repository/org/springframework/boot/spring-boot/2.1.6.RELEASE/spring-boot-2.1.6.RELEASE.jar:/home/ricardorosa/.m2/repository/org/springframework/boot/spring-boot-autoconfigure/2.1.6.RELEASE/spring-boot-autoconfigure-2.1.6.RELEASE.jar:/home/ricardorosa/.m2/repository/org/springframework/boot/spring-boot-starter-logging/2.1.6.RELEASE/spring-boot-starter-logging-2.1.6.RELEASE.jar:/home/ricardorosa/.m2/repository/ch/qos/logback/logback-classic/1.2.3/logback-classic-1.2.3.jar:/home/ricardorosa/.m2/repository/ch/qos/logback/logback-core/1.2.3/logback-core-1.2.3.jar:/home/ricardorosa/.m2/repository/org/apache/logging/log4j/log4j-to-slf4j/2.11.2/log4j-to-slf4j-2.11.2.jar:/home/ricardorosa/.m2/repository/org/apache/logging/log4j/log4j-api/2.11.2/log4j-api-2.11.2.jar:/home/ricardorosa/.m2/repository/org/slf4j/jul-to-slf4j/1.7.26/jul-to-slf4j-1.7.26.jar:/home/ricardorosa/.m2/repository/javax/annotation/javax.annotation-api/1.3.2/javax.annotation-api-1.3.2.jar:/home/ricardorosa/.m2/repository/org/yaml/snakeyaml/1.23/snakeyaml-1.23.jar:/home/ricardorosa/.m2/repository/org/springframework/boot/spring-boot-starter-json/2.1.6.RELEASE/spring-boot-starter-json-2.1.6.RELEASE.jar:/home/ricardorosa/.m2/repository/com/fasterxml/jackson/core/jackson-databind/2.9.9/jackson-databind-2.9.9.jar:/home/ricardorosa/.m2/repository/com/fasterxml/jackson/core/jackson-annotations/2.9.0/jackson-annotations-2.9.0.jar:/home/ricardorosa/.m2/repository/com/fasterxml/jackson/core/jackson-core/2.9.9/jackson-core-2.9.9.jar:/home/ricardorosa/.m2/repository/com/fasterxml/jackson/datatype/jackson-datatype-jdk8/2.9.9/jackson-datatype-jdk8-2.9.9.jar:/home/ricardorosa/.m2/repository/com/fasterxml/jackson/datatype/jackson-datatype-jsr310/2.9.9/jackson-datatype-jsr310-2.9.9.jar:/home/ricardorosa/.m2/repository/com/fasterxml/jackson/module/jackson-module-parameter-names/2.9.9/jackson-module-parameter-names-2.9.9.jar:/home/ricardorosa/.m2/repository/org/springframework/boot/spring-boot-starter-tomcat/2.1.6.RELEASE/spring-boot-starter-tomcat-2.1.6.RELEASE.jar:/home/ricardorosa/.m2/repository/org/apache/tomcat/embed/tomcat-embed-core/9.0.21/tomcat-embed-core-9.0.21.jar:/home/ricardorosa/.m2/repository/org/apache/tomcat/embed/tomcat-embed-el/9.0.21/tomcat-embed-el-9.0.21.jar:/home/ricardorosa/.m2/repository/org/apache/tomcat/embed/tomcat-embed-websocket/9.0.21/tomcat-embed-websocket-9.0.21.jar:/home/ricardorosa/.m2/repository/org/hibernate/validator/hibernate-validator/6.0.17.Final/hibernate-validator-6.0.17.Final.jar:/home/ricardorosa/.m2/repository/org/springframework/spring-web/5.1.8.RELEASE/spring-web-5.1.8.RELEASE.jar:/home/ricardorosa/.m2/repository/org/springframework/spring-webmvc/5.1.8.RELEASE/spring-webmvc-5.1.8.RELEASE.jar:/home/ricardorosa/.m2/repository/org/springframework/spring-expression/5.1.8.RELEASE/spring-expression-5.1.8.RELEASE.jar:/home/ricardorosa/.m2/repository/javax/validation/validation-api/2.0.0.Final/validation-api-2.0.0.Final.jar:/home/ricardorosa/.m2/repository/org/reflections/reflections/0.9.11/reflections-0.9.11.jar:/home/ricardorosa/.m2/repository/com/google/guava/guava/20.0/guava-20.0.jar:/home/ricardorosa/.m2/repository/org/javassist/javassist/3.21.0-GA/javassist-3.21.0-GA.jar:/home/ricardorosa/.m2/repository/com/h2database/h2/1.4.199/h2-1.4.199.jar:/home/ricardorosa/.m2/repository/org/projectlombok/lombok/1.18.8/lombok-1.18.8.jar:/home/ricardorosa/.m2/repository/org/springframework/boot/spring-boot-starter-test/2.1.6.RELEASE/spring-boot-starter-test-2.1.6.RELEASE.jar:/home/ricardorosa/.m2/repository/org/springframework/boot/spring-boot-test/2.1.6.RELEASE/spring-boot-test-2.1.6.RELEASE.jar:/home/ricardorosa/.m2/repository/org/springframework/boot/spring-boot-test-autoconfigure/2.1.6.RELEASE/spring-boot-test-autoconfigure-2.1.6.RELEASE.jar:/home/ricardorosa/.m2/repository/com/jayway/jsonpath/json-path/2.4.0/json-path-2.4.0.jar:/home/ricardorosa/.m2/repository/net/minidev/json-smart/2.3/json-smart-2.3.jar:/home/ricardorosa/.m2/repository/net/minidev/accessors-smart/1.2/accessors-smart-1.2.jar:/home/ricardorosa/.m2/repository/org/ow2/asm/asm/5.0.4/asm-5.0.4.jar:/home/ricardorosa/.m2/repository/junit/junit/4.12/junit-4.12.jar:/home/ricardorosa/.m2/repository/org/assertj/assertj-core/3.11.1/assertj-core-3.11.1.jar:/home/ricardorosa/.m2/repository/org/mockito/mockito-core/2.23.4/mockito-core-2.23.4.jar:/home/ricardorosa/.m2/repository/net/bytebuddy/byte-buddy-agent/1.9.13/byte-buddy-agent-1.9.13.jar:/home/ricardorosa/.m2/repository/org/objenesis/objenesis/2.6/objenesis-2.6.jar:/home/ricardorosa/.m2/repository/org/hamcrest/hamcrest-core/1.3/hamcrest-core-1.3.jar:/home/ricardorosa/.m2/repository/org/hamcrest/hamcrest-library/1.3/hamcrest-library-1.3.jar:/home/ricardorosa/.m2/repository/org/skyscreamer/jsonassert/1.5.0/jsonassert-1.5.0.jar:/home/ricardorosa/.m2/repository/com/vaadin/external/google/android-json/0.0.20131108.vaadin1/android-json-0.0.20131108.vaadin1.jar:/home/ricardorosa/.m2/repository/org/springframework/spring-core/5.1.8.RELEASE/spring-core-5.1.8.RELEASE.jar:/home/ricardorosa/.m2/repository/org/springframework/spring-jcl/5.1.8.RELEASE/spring-jcl-5.1.8.RELEASE.jar:/home/ricardorosa/.m2/repository/org/springframework/spring-test/5.1.8.RELEASE/spring-test-5.1.8.RELEASE.jar:/home/ricardorosa/.m2/repository/org/xmlunit/xmlunit-core/2.6.2/xmlunit-core-2.6.2.jar:/home/ricardorosa/.m2/repository/org/apache/maven/plugins/maven-resources-plugin/3.2.0/maven-resources-plugin-3.2.0.jar:/home/ricardorosa/.m2/repository/org/apache/maven/maven-plugin-api/3.1.0/maven-plugin-api-3.1.0.jar:/home/ricardorosa/.m2/repository/org/apache/maven/maven-artifact/3.1.0/maven-artifact-3.1.0.jar:/home/ricardorosa/.m2/repository/org/apache/maven/maven-core/3.1.0/maven-core-3.1.0.jar:/home/ricardorosa/.m2/repository/org/apache/maven/maven-settings/3.1.0/maven-settings-3.1.0.jar:/home/ricardorosa/.m2/repository/org/apache/maven/maven-settings-builder/3.1.0/maven-settings-builder-3.1.0.jar:/home/ricardorosa/.m2/repository/org/apache/maven/maven-repository-metadata/3.1.0/maven-repository-metadata-3.1.0.jar:/home/ricardorosa/.m2/repository/org/apache/maven/maven-model-builder/3.1.0/maven-model-builder-3.1.0.jar:/home/ricardorosa/.m2/repository/org/apache/maven/maven-aether-provider/3.1.0/maven-aether-provider-3.1.0.jar:/home/ricardorosa/.m2/repository/org/eclipse/aether/aether-spi/0.9.0.M2/aether-spi-0.9.0.M2.jar:/home/ricardorosa/.m2/repository/org/eclipse/aether/aether-impl/0.9.0.M2/aether-impl-0.9.0.M2.jar:/home/ricardorosa/.m2/repository/org/eclipse/aether/aether-api/0.9.0.M2/aether-api-0.9.0.M2.jar:/home/ricardorosa/.m2/repository/org/eclipse/aether/aether-util/0.9.0.M2/aether-util-0.9.0.M2.jar:/home/ricardorosa/.m2/repository/org/codehaus/plexus/plexus-utils/3.0.10/plexus-utils-3.0.10.jar:/home/ricardorosa/.m2/repository/org/codehaus/plexus/plexus-classworlds/2.4.2/plexus-classworlds-2.4.2.jar:/home/ricardorosa/.m2/repository/org/sonatype/plexus/plexus-sec-dispatcher/1.3/plexus-sec-dispatcher-1.3.jar:/home/ricardorosa/.m2/repository/org/sonatype/plexus/plexus-cipher/1.4/plexus-cipher-1.4.jar:/home/ricardorosa/.m2/repository/org/apache/maven/maven-model/3.1.0/maven-model-3.1.0.jar:/home/ricardorosa/.m2/repository/org/codehaus/plexus/plexus-component-annotations/2.0.0/plexus-component-annotations-2.0.0.jar:/home/ricardorosa/.m2/repository/org/codehaus/plexus/plexus-interpolation/1.26/plexus-interpolation-1.26.jar:/home/ricardorosa/.m2/repository/org/eclipse/sisu/org.eclipse.sisu.plexus/0.0.0.M2a/org.eclipse.sisu.plexus-0.0.0.M2a.jar:/home/ricardorosa/.m2/repository/javax/enterprise/cdi-api/1.0/cdi-api-1.0.jar:/home/ricardorosa/.m2/repository/javax/annotation/jsr250-api/1.0/jsr250-api-1.0.jar:/home/ricardorosa/.m2/repository/javax/inject/javax.inject/1/javax.inject-1.jar:/home/ricardorosa/.m2/repository/org/sonatype/sisu/sisu-guice/3.1.0/sisu-guice-3.1.0-no_aop.jar:/home/ricardorosa/.m2/repository/aopalliance/aopalliance/1.0/aopalliance-1.0.jar:/home/ricardorosa/.m2/repository/org/eclipse/sisu/org.eclipse.sisu.inject/0.0.0.M2a/org.eclipse.sisu.inject-0.0.0.M2a.jar:/home/ricardorosa/.m2/repository/asm/asm/3.3.1/asm-3.3.1.jar:/home/ricardorosa/.m2/repository/org/apache/maven/shared/maven-filtering/3.2.0/maven-filtering-3.2.0.jar:/home/ricardorosa/.m2/repository/org/apache/maven/shared/maven-shared-utils/3.3.3/maven-shared-utils-3.3.3.jar:/home/ricardorosa/.m2/repository/org/sonatype/plexus/plexus-build-api/0.0.7/plexus-build-api-0.0.7.jar:/home/ricardorosa/.m2/repository/commons-io/commons-io/2.6/commons-io-2.6.jar:/home/ricardorosa/.m2/repository/org/apache/commons/commons-lang3/3.8.1/commons-lang3-3.8.1.jar:/home/ricardorosa/.m2/repository/org/hibernate/hibernate-core/5.3.10.Final/hibernate-core-5.3.10.Final.jar:/home/ricardorosa/.m2/repository/org/jboss/logging/jboss-logging/3.3.2.Final/jboss-logging-3.3.2.Final.jar:/home/ricardorosa/.m2/repository/javax/persistence/javax.persistence-api/2.2/javax.persistence-api-2.2.jar:/home/ricardorosa/.m2/repository/net/bytebuddy/byte-buddy/1.9.13/byte-buddy-1.9.13.jar:/home/ricardorosa/.m2/repository/antlr/antlr/2.7.7/antlr-2.7.7.jar:/home/ricardorosa/.m2/repository/org/jboss/spec/javax/transaction/jboss-transaction-api_1.2_spec/1.1.1.Final/jboss-transaction-api_1.2_spec-1.1.1.Final.jar:/home/ricardorosa/.m2/repository/org/jboss/jandex/2.0.5.Final/jandex-2.0.5.Final.jar:/home/ricardorosa/.m2/repository/com/fasterxml/classmate/1.4.0/classmate-1.4.0.jar:/home/ricardorosa/.m2/repository/javax/activation/javax.activation-api/1.2.0/javax.activation-api-1.2.0.jar:/home/ricardorosa/.m2/repository/org/dom4j/dom4j/2.1.1/dom4j-2.1.1.jar:/home/ricardorosa/.m2/repository/org/hibernate/common/hibernate-commons-annotations/5.0.4.Final/hibernate-commons-annotations-5.0.4.Final.jar:/home/ricardorosa/.m2/repository/org/hibernate/hibernate-entitymanager/5.3.10.Final/hibernate-entitymanager-5.3.10.Final.jar:"/>
    <property name="java.vm.vendor" value="Ubuntu"/>
    <property name="sun.arch.data.model" value="64"/>
    <property name="java.vendor.url" value="https://ubuntu.com/"/>
    <property name="user.timezone" value=""/>
    <property name="user.country.format" value="BR"/>
    <property name="java.vm.specification.version" value="11"/>
    <property name="os.name" value="Linux"/>
    <property name="sun.java.launcher" value="SUN_STANDARD"/>
    <property name="user.country" value="US"/>
    <property name="sun.boot.library.path" value="/usr/lib/jvm/java-11-openjdk-amd64/lib"/>
    <property name="sun.java.command" value="/home/ricardorosa/codenation/java-9/target/surefire/surefirebooter11273755093570429536.jar /home/ricardorosa/codenation/java-9/target/surefire 2021-09-20T16-09-53_955-jvmRun1 surefire14874604633555932359tmp surefire_05415526444609328664tmp"/>
    <property name="jdk.debug" value="release"/>
    <property name="test" value="ChallengeTestSuite"/>
    <property name="surefire.test.class.path" value="/home/ricardorosa/codenation/java-9/target/test-classes:/home/ricardorosa/codenation/java-9/target/classes:/home/ricardorosa/.m2/repository/org/springframework/boot/spring-boot-starter-data-jpa/2.1.6.RELEASE/spring-boot-starter-data-jpa-2.1.6.RELEASE.jar:/home/ricardorosa/.m2/repository/org/springframework/boot/spring-boot-starter-aop/2.1.6.RELEASE/spring-boot-starter-aop-2.1.6.RELEASE.jar:/home/ricardorosa/.m2/repository/org/springframework/spring-aop/5.1.8.RELEASE/spring-aop-5.1.8.RELEASE.jar:/home/ricardorosa/.m2/repository/org/aspectj/aspectjweaver/1.9.4/aspectjweaver-1.9.4.jar:/home/ricardorosa/.m2/repository/org/springframework/boot/spring-boot-starter-jdbc/2.1.6.RELEASE/spring-boot-starter-jdbc-2.1.6.RELEASE.jar:/home/ricardorosa/.m2/repository/com/zaxxer/HikariCP/3.2.0/HikariCP-3.2.0.jar:/home/ricardorosa/.m2/repository/org/springframework/spring-jdbc/5.1.8.RELEASE/spring-jdbc-5.1.8.RELEASE.jar:/home/ricardorosa/.m2/repository/javax/transaction/javax.transaction-api/1.3/javax.transaction-api-1.3.jar:/home/ricardorosa/.m2/repository/javax/xml/bind/jaxb-api/2.3.1/jaxb-api-2.3.1.jar:/home/ricardorosa/.m2/repository/org/springframework/data/spring-data-jpa/2.1.9.RELEASE/spring-data-jpa-2.1.9.RELEASE.jar:/home/ricardorosa/.m2/repository/org/springframework/data/spring-data-commons/2.1.9.RELEASE/spring-data-commons-2.1.9.RELEASE.jar:/home/ricardorosa/.m2/repository/org/springframework/spring-orm/5.1.8.RELEASE/spring-orm-5.1.8.RELEASE.jar:/home/ricardorosa/.m2/repository/org/springframework/spring-context/5.1.8.RELEASE/spring-context-5.1.8.RELEASE.jar:/home/ricardorosa/.m2/repository/org/springframework/spring-tx/5.1.8.RELEASE/spring-tx-5.1.8.RELEASE.jar:/home/ricardorosa/.m2/repository/org/springframework/spring-beans/5.1.8.RELEASE/spring-beans-5.1.8.RELEASE.jar:/home/ricardorosa/.m2/repository/org/slf4j/slf4j-api/1.7.26/slf4j-api-1.7.26.jar:/home/ricardorosa/.m2/repository/org/springframework/spring-aspects/5.1.8.RELEASE/spring-aspects-5.1.8.RELEASE.jar:/home/ricardorosa/.m2/repository/org/springframework/boot/spring-boot-starter-web/2.1.6.RELEASE/spring-boot-starter-web-2.1.6.RELEASE.jar:/home/ricardorosa/.m2/repository/org/springframework/boot/spring-boot-starter/2.1.6.RELEASE/spring-boot-starter-2.1.6.RELEASE.jar:/home/ricardorosa/.m2/repository/org/springframework/boot/spring-boot/2.1.6.RELEASE/spring-boot-2.1.6.RELEASE.jar:/home/ricardorosa/.m2/repository/org/springframework/boot/spring-boot-autoconfigure/2.1.6.RELEASE/spring-boot-autoconfigure-2.1.6.RELEASE.jar:/home/ricardorosa/.m2/repository/org/springframework/boot/spring-boot-starter-logging/2.1.6.RELEASE/spring-boot-starter-logging-2.1.6.RELEASE.jar:/home/ricardorosa/.m2/repository/ch/qos/logback/logback-classic/1.2.3/logback-classic-1.2.3.jar:/home/ricardorosa/.m2/repository/ch/qos/logback/logback-core/1.2.3/logback-core-1.2.3.jar:/home/ricardorosa/.m2/repository/org/apache/logging/log4j/log4j-to-slf4j/2.11.2/log4j-to-slf4j-2.11.2.jar:/home/ricardorosa/.m2/repository/org/apache/logging/log4j/log4j-api/2.11.2/log4j-api-2.11.2.jar:/home/ricardorosa/.m2/repository/org/slf4j/jul-to-slf4j/1.7.26/jul-to-slf4j-1.7.26.jar:/home/ricardorosa/.m2/repository/javax/annotation/javax.annotation-api/1.3.2/javax.annotation-api-1.3.2.jar:/home/ricardorosa/.m2/repository/org/yaml/snakeyaml/1.23/snakeyaml-1.23.jar:/home/ricardorosa/.m2/repository/org/springframework/boot/spring-boot-starter-json/2.1.6.RELEASE/spring-boot-starter-json-2.1.6.RELEASE.jar:/home/ricardorosa/.m2/repository/com/fasterxml/jackson/core/jackson-databind/2.9.9/jackson-databind-2.9.9.jar:/home/ricardorosa/.m2/repository/com/fasterxml/jackson/core/jackson-annotations/2.9.0/jackson-annotations-2.9.0.jar:/home/ricardorosa/.m2/repository/com/fasterxml/jackson/core/jackson-core/2.9.9/jackson-core-2.9.9.jar:/home/ricardorosa/.m2/repository/com/fasterxml/jackson/datatype/jackson-datatype-jdk8/2.9.9/jackson-datatype-jdk8-2.9.9.jar:/home/ricardorosa/.m2/repository/com/fasterxml/jackson/datatype/jackson-datatype-jsr310/2.9.9/jackson-datatype-jsr310-2.9.9.jar:/home/ricardorosa/.m2/repository/com/fasterxml/jackson/module/jackson-module-parameter-names/2.9.9/jackson-module-parameter-names-2.9.9.jar:/home/ricardorosa/.m2/repository/org/springframework/boot/spring-boot-starter-tomcat/2.1.6.RELEASE/spring-boot-starter-tomcat-2.1.6.RELEASE.jar:/home/ricardorosa/.m2/repository/org/apache/tomcat/embed/tomcat-embed-core/9.0.21/tomcat-embed-core-9.0.21.jar:/home/ricardorosa/.m2/repository/org/apache/tomcat/embed/tomcat-embed-el/9.0.21/tomcat-embed-el-9.0.21.jar:/home/ricardorosa/.m2/repository/org/apache/tomcat/embed/tomcat-embed-websocket/9.0.21/tomcat-embed-websocket-9.0.21.jar:/home/ricardorosa/.m2/repository/org/hibernate/validator/hibernate-validator/6.0.17.Final/hibernate-validator-6.0.17.Final.jar:/home/ricardorosa/.m2/repository/org/springframework/spring-web/5.1.8.RELEASE/spring-web-5.1.8.RELEASE.jar:/home/ricardorosa/.m2/repository/org/springframework/spring-webmvc/5.1.8.RELEASE/spring-webmvc-5.1.8.RELEASE.jar:/home/ricardorosa/.m2/repository/org/springframework/spring-expression/5.1.8.RELEASE/spring-expression-5.1.8.RELEASE.jar:/home/ricardorosa/.m2/repository/javax/validation/validation-api/2.0.0.Final/validation-api-2.0.0.Final.jar:/home/ricardorosa/.m2/repository/org/reflections/reflections/0.9.11/reflections-0.9.11.jar:/home/ricardorosa/.m2/repository/com/google/guava/guava/20.0/guava-20.0.jar:/home/ricardorosa/.m2/repository/org/javassist/javassist/3.21.0-GA/javassist-3.21.0-GA.jar:/home/ricardorosa/.m2/repository/com/h2database/h2/1.4.199/h2-1.4.199.jar:/home/ricardorosa/.m2/repository/org/projectlombok/lombok/1.18.8/lombok-1.18.8.jar:/home/ricardorosa/.m2/repository/org/springframework/boot/spring-boot-starter-test/2.1.6.RELEASE/spring-boot-starter-test-2.1.6.RELEASE.jar:/home/ricardorosa/.m2/repository/org/springframework/boot/spring-boot-test/2.1.6.RELEASE/spring-boot-test-2.1.6.RELEASE.jar:/home/ricardorosa/.m2/repository/org/springframework/boot/spring-boot-test-autoconfigure/2.1.6.RELEASE/spring-boot-test-autoconfigure-2.1.6.RELEASE.jar:/home/ricardorosa/.m2/repository/com/jayway/jsonpath/json-path/2.4.0/json-path-2.4.0.jar:/home/ricardorosa/.m2/repository/net/minidev/json-smart/2.3/json-smart-2.3.jar:/home/ricardorosa/.m2/repository/net/minidev/accessors-smart/1.2/accessors-smart-1.2.jar:/home/ricardorosa/.m2/repository/org/ow2/asm/asm/5.0.4/asm-5.0.4.jar:/home/ricardorosa/.m2/repository/junit/junit/4.12/junit-4.12.jar:/home/ricardorosa/.m2/repository/org/assertj/assertj-core/3.11.1/assertj-core-3.11.1.jar:/home/ricardorosa/.m2/repository/org/mockito/mockito-core/2.23.4/mockito-core-2.23.4.jar:/home/ricardorosa/.m2/repository/net/bytebuddy/byte-buddy-agent/1.9.13/byte-buddy-agent-1.9.13.jar:/home/ricardorosa/.m2/repository/org/objenesis/objenesis/2.6/objenesis-2.6.jar:/home/ricardorosa/.m2/repository/org/hamcrest/hamcrest-core/1.3/hamcrest-core-1.3.jar:/home/ricardorosa/.m2/repository/org/hamcrest/hamcrest-library/1.3/hamcrest-library-1.3.jar:/home/ricardorosa/.m2/repository/org/skyscreamer/jsonassert/1.5.0/jsonassert-1.5.0.jar:/home/ricardorosa/.m2/repository/com/vaadin/external/google/android-json/0.0.20131108.vaadin1/android-json-0.0.20131108.vaadin1.jar:/home/ricardorosa/.m2/repository/org/springframework/spring-core/5.1.8.RELEASE/spring-core-5.1.8.RELEASE.jar:/home/ricardorosa/.m2/repository/org/springframework/spring-jcl/5.1.8.RELEASE/spring-jcl-5.1.8.RELEASE.jar:/home/ricardorosa/.m2/repository/org/springframework/spring-test/5.1.8.RELEASE/spring-test-5.1.8.RELEASE.jar:/home/ricardorosa/.m2/repository/org/xmlunit/xmlunit-core/2.6.2/xmlunit-core-2.6.2.jar:/home/ricardorosa/.m2/repository/org/apache/maven/plugins/maven-resources-plugin/3.2.0/maven-resources-plugin-3.2.0.jar:/home/ricardorosa/.m2/repository/org/apache/maven/maven-plugin-api/3.1.0/maven-plugin-api-3.1.0.jar:/home/ricardorosa/.m2/repository/org/apache/maven/maven-artifact/3.1.0/maven-artifact-3.1.0.jar:/home/ricardorosa/.m2/repository/org/apache/maven/maven-core/3.1.0/maven-core-3.1.0.jar:/home/ricardorosa/.m2/repository/org/apache/maven/maven-settings/3.1.0/maven-settings-3.1.0.jar:/home/ricardorosa/.m2/repository/org/apache/maven/maven-settings-builder/3.1.0/maven-settings-builder-3.1.0.jar:/home/ricardorosa/.m2/repository/org/apache/maven/maven-repository-metadata/3.1.0/maven-repository-metadata-3.1.0.jar:/home/ricardorosa/.m2/repository/org/apache/maven/maven-model-builder/3.1.0/maven-model-builder-3.1.0.jar:/home/ricardorosa/.m2/repository/org/apache/maven/maven-aether-provider/3.1.0/maven-aether-provider-3.1.0.jar:/home/ricardorosa/.m2/repository/org/eclipse/aether/aether-spi/0.9.0.M2/aether-spi-0.9.0.M2.jar:/home/ricardorosa/.m2/repository/org/eclipse/aether/aether-impl/0.9.0.M2/aether-impl-0.9.0.M2.jar:/home/ricardorosa/.m2/repository/org/eclipse/aether/aether-api/0.9.0.M2/aether-api-0.9.0.M2.jar:/home/ricardorosa/.m2/repository/org/eclipse/aether/aether-util/0.9.0.M2/aether-util-0.9.0.M2.jar:/home/ricardorosa/.m2/repository/org/codehaus/plexus/plexus-utils/3.0.10/plexus-utils-3.0.10.jar:/home/ricardorosa/.m2/repository/org/codehaus/plexus/plexus-classworlds/2.4.2/plexus-classworlds-2.4.2.jar:/home/ricardorosa/.m2/repository/org/sonatype/plexus/plexus-sec-dispatcher/1.3/plexus-sec-dispatcher-1.3.jar:/home/ricardorosa/.m2/repository/org/sonatype/plexus/plexus-cipher/1.4/plexus-cipher-1.4.jar:/home/ricardorosa/.m2/repository/org/apache/maven/maven-model/3.1.0/maven-model-3.1.0.jar:/home/ricardorosa/.m2/repository/org/codehaus/plexus/plexus-component-annotations/2.0.0/plexus-component-annotations-2.0.0.jar:/home/ricardorosa/.m2/repository/org/codehaus/plexus/plexus-interpolation/1.26/plexus-interpolation-1.26.jar:/home/ricardorosa/.m2/repository/org/eclipse/sisu/org.eclipse.sisu.plexus/0.0.0.M2a/org.eclipse.sisu.plexus-0.0.0.M2a.jar:/home/ricardorosa/.m2/repository/javax/enterprise/cdi-api/1.0/cdi-api-1.0.jar:/home/ricardorosa/.m2/repository/javax/annotation/jsr250-api/1.0/jsr250-api-1.0.jar:/home/ricardorosa/.m2/repository/javax/inject/javax.inject/1/javax.inject-1.jar:/home/ricardorosa/.m2/repository/org/sonatype/sisu/sisu-guice/3.1.0/sisu-guice-3.1.0-no_aop.jar:/home/ricardorosa/.m2/repository/aopalliance/aopalliance/1.0/aopalliance-1.0.jar:/home/ricardorosa/.m2/repository/org/eclipse/sisu/org.eclipse.sisu.inject/0.0.0.M2a/org.eclipse.sisu.inject-0.0.0.M2a.jar:/home/ricardorosa/.m2/repository/asm/asm/3.3.1/asm-3.3.1.jar:/home/ricardorosa/.m2/repository/org/apache/maven/shared/maven-filtering/3.2.0/maven-filtering-3.2.0.jar:/home/ricardorosa/.m2/repository/org/apache/maven/shared/maven-shared-utils/3.3.3/maven-shared-utils-3.3.3.jar:/home/ricardorosa/.m2/repository/org/sonatype/plexus/plexus-build-api/0.0.7/plexus-build-api-0.0.7.jar:/home/ricardorosa/.m2/repository/commons-io/commons-io/2.6/commons-io-2.6.jar:/home/ricardorosa/.m2/repository/org/apache/commons/commons-lang3/3.8.1/commons-lang3-3.8.1.jar:/home/ricardorosa/.m2/repository/org/hibernate/hibernate-core/5.3.10.Final/hibernate-core-5.3.10.Final.jar:/home/ricardorosa/.m2/repository/org/jboss/logging/jboss-logging/3.3.2.Final/jboss-logging-3.3.2.Final.jar:/home/ricardorosa/.m2/repository/javax/persistence/javax.persistence-api/2.2/javax.persistence-api-2.2.jar:/home/ricardorosa/.m2/repository/net/bytebuddy/byte-buddy/1.9.13/byte-buddy-1.9.13.jar:/home/ricardorosa/.m2/repository/antlr/antlr/2.7.7/antlr-2.7.7.jar:/home/ricardorosa/.m2/repository/org/jboss/spec/javax/transaction/jboss-transaction-api_1.2_spec/1.1.1.Final/jboss-transaction-api_1.2_spec-1.1.1.Final.jar:/home/ricardorosa/.m2/repository/org/jboss/jandex/2.0.5.Final/jandex-2.0.5.Final.jar:/home/ricardorosa/.m2/repository/com/fasterxml/classmate/1.4.0/classmate-1.4.0.jar:/home/ricardorosa/.m2/repository/javax/activation/javax.activation-api/1.2.0/javax.activation-api-1.2.0.jar:/home/ricardorosa/.m2/repository/org/dom4j/dom4j/2.1.1/dom4j-2.1.1.jar:/home/ricardorosa/.m2/repository/org/hibernate/common/hibernate-commons-annotations/5.0.4.Final/hibernate-commons-annotations-5.0.4.Final.jar:/home/ricardorosa/.m2/repository/org/hibernate/hibernate-entitymanager/5.3.10.Final/hibernate-entitymanager-5.3.10.Final.jar:"/>
    <property name="sun.cpu.endian" value="little"/>
    <property name="user.home" value="/home/ricardorosa"/>
    <property name="user.language" value="en"/>
    <property name="java.specification.vendor" value="Oracle Corporation"/>
    <property name="java.version.date" value="2021-04-20"/>
    <property name="java.home" value="/usr/lib/jvm/java-11-openjdk-amd64"/>
    <property name="file.separator" value="/"/>
    <property name="basedir" value="/home/ricardorosa/codenation/java-9"/>
    <property name="java.vm.compressedOopsMode" value="32-bit"/>
    <property name="line.separator" value="&#10;"/>
    <property name="java.specification.name" value="Java Platform API Specification"/>
    <property name="java.vm.specification.vendor" value="Oracle Corporation"/>
    <property name="java.awt.graphicsenv" value="sun.awt.X11GraphicsEnvironment"/>
    <property name="surefire.real.class.path" value="/home/ricardorosa/codenation/java-9/target/surefire/surefirebooter11273755093570429536.jar"/>
    <property name="sun.management.compiler" value="HotSpot 64-Bit Tiered Compilers"/>
    <property name="java.runtime.version" value="11.0.11+9-Ubuntu-0ubuntu2.20.04"/>
    <property name="user.name" value="ricardorosa"/>
    <property name="path.separator" value=":"/>
    <property name="os.version" value="5.11.0-34-generic"/>
    <property name="java.runtime.name" value="OpenJDK Runtime Environment"/>
    <property name="file.encoding" value="UTF-8"/>
    <property name="java.vm.name" value="OpenJDK 64-Bit Server VM"/>
    <property name="localRepository" value="/home/ricardorosa/.m2/repository"/>
    <property name="java.vendor.url.bug" value="https://bugs.launchpad.net/ubuntu/+source/openjdk-lts"/>
    <property name="java.io.tmpdir" value="/tmp"/>
    <property name="java.version" value="11.0.11"/>
    <property name="user.dir" value="/home/ricardorosa/codenation/java-9"/>
    <property name="os.arch" value="amd64"/>
    <property name="java.vm.specification.name" value="Java Virtual Machine Specification"/>
    <property name="java.awt.printerjob" value="sun.print.PSPrinterJob"/>
    <property name="user.language.format" value="pt"/>
    <property name="sun.os.patch.level" value="unknown"/>
    <property name="java.library.path" value="/usr/java/packages/lib:/usr/lib/x86_64-linux-gnu/jni:/lib/x86_64-linux-gnu:/usr/lib/x86_64-linux-gnu:/usr/lib/jni:/lib:/usr/lib"/>
    <property name="java.vm.info" value="mixed mode, sharing"/>
    <property name="java.vendor" value="Ubuntu"/>
    <property name="java.vm.version" value="11.0.11+9-Ubuntu-0ubuntu2.20.04"/>
    <property name="sun.io.unicode.encoding" value="UnicodeLittle"/>
    <property name="java.class.version" value="55.0"/>
  </properties>
  <testcase name="hasOneToManyCandidates" classname="com.challenge.suite.AccelerationTest" time="1.32"/>
  <testcase name="hasManyToOneChallenge" classname="com.challenge.suite.AccelerationTest" time="0.399"/>
  <testcase name="hasColumnName" classname="com.challenge.suite.AccelerationTest" time="0.212"/>
  <testcase name="hasColumnSlug" classname="com.challenge.suite.AccelerationTest" time="0.247"/>
  <testcase name="hasColumnSlugSize" classname="com.challenge.suite.AccelerationTest" time="0.189"/>
  <testcase name="hasColumnSlugNotNull" classname="com.challenge.suite.AccelerationTest" time="0.257"/>
  <testcase name="hasColumnNameNotNull" classname="com.challenge.suite.AccelerationTest" time="0.194"/>
  <testcase name="hasColumnNameSized" classname="com.challenge.suite.AccelerationTest" time="0.159"/>
  <testcase name="verifyTableName" classname="com.challenge.suite.AccelerationTest" time="0.06"/>
  <testcase name="checkOneToManyFieldsQuantity" classname="com.challenge.suite.AccelerationTest" time="0.129"/>
  <testcase name="hasColumnCreatedAtWithAnnotationCreatedDate" classname="com.challenge.suite.AccelerationTest" time="0.086"/>
  <testcase name="isEntity" classname="com.challenge.suite.AccelerationTest" time="0.167"/>
  <testcase name="isEntityListener" classname="com.challenge.suite.AccelerationTest" time="0.107"/>
  <testcase name="checkManyToOneFieldsQuantity" classname="com.challenge.suite.AccelerationTest" time="0.199"/>
  <testcase name="hasColumnCreatedAt" classname="com.challenge.suite.AccelerationTest" time="0.186"/>
  <testcase name="oneToManyFieldsFieldsAreCollection" classname="com.challenge.suite.AccelerationTest" time="0.264"/>
  <testcase name="hasColumnStatus" classname="com.challenge.suite.CandidateTest" time="0.126"/>
  <testcase name="hasColumnStatusNotNull" classname="com.challenge.suite.CandidateTest" time="0.165"/>
  <testcase name="checkPrimaryKeysWithManyToOne" classname="com.challenge.suite.CandidateTest" time="0.254"/>
  <testcase name="hasEmbeddedId" classname="com.challenge.suite.CandidateTest" time="0.108"/>
  <testcase name="checkEmbeddedIdIsEmbeddable" classname="com.challenge.suite.CandidateTest" time="0.148"/>
  <testcase name="checkPrimaryKeys" classname="com.challenge.suite.CandidateTest" time="0.165">
    <error type="java.lang.NullPointerException">java.lang.NullPointerException
</error>
    <system-out><![CDATA[16:10:00.398 [main] DEBUG org.reflections.Reflections - going to scan these urls:
file:/home/ricardorosa/codenation/java-9/target/classes/
16:10:00.407 [main] DEBUG org.reflections.Reflections - could not scan file com/challenge/entity/.gitkeep in url file:/home/ricardorosa/codenation/java-9/target/classes/ with scanner TypeAnnotationsScanner
org.reflections.ReflectionsException: could not create class object from file com/challenge/entity/.gitkeep
	at org.reflections.scanners.AbstractScanner.scan(AbstractScanner.java:32)
	at org.reflections.Reflections.scan(Reflections.java:253)
	at org.reflections.Reflections.scan(Reflections.java:202)
	at org.reflections.Reflections.<init>(Reflections.java:123)
	at org.reflections.Reflections.<init>(Reflections.java:168)
	at org.reflections.Reflections.<init>(Reflections.java:141)
	at com.challenge.suite.ClassTest.getClassByNameOrTableName(ClassTest.java:231)
	at com.challenge.suite.ClassTest.newObject(ClassTest.java:172)
	at com.challenge.suite.ClassTest.findFieldAnnotatedBy(ClassTest.java:138)
	at com.challenge.suite.TableWithEmbeddedIdTest.checkPrimaryKeys(TableWithEmbeddedIdTest.java:36)
	at java.base/jdk.internal.reflect.NativeMethodAccessorImpl.invoke0(Native Method)
	at java.base/jdk.internal.reflect.NativeMethodAccessorImpl.invoke(NativeMethodAccessorImpl.java:62)
	at java.base/jdk.internal.reflect.DelegatingMethodAccessorImpl.invoke(DelegatingMethodAccessorImpl.java:43)
	at java.base/java.lang.reflect.Method.invoke(Method.java:566)
	at org.junit.runners.model.FrameworkMethod$1.runReflectiveCall(FrameworkMethod.java:50)
	at org.junit.internal.runners.model.ReflectiveCallable.run(ReflectiveCallable.java:12)
	at org.junit.runners.model.FrameworkMethod.invokeExplosively(FrameworkMethod.java:47)
	at org.junit.internal.runners.statements.InvokeMethod.evaluate(InvokeMethod.java:17)
	at org.junit.runners.ParentRunner.runLeaf(ParentRunner.java:325)
	at org.junit.runners.BlockJUnit4ClassRunner.runChild(BlockJUnit4ClassRunner.java:78)
	at org.junit.runners.BlockJUnit4ClassRunner.runChild(BlockJUnit4ClassRunner.java:57)
	at org.junit.runners.ParentRunner$3.run(ParentRunner.java:290)
	at org.junit.runners.ParentRunner$1.schedule(ParentRunner.java:71)
	at org.junit.runners.ParentRunner.runChildren(ParentRunner.java:288)
	at org.junit.runners.ParentRunner.access$000(ParentRunner.java:58)
	at org.junit.runners.ParentRunner$2.evaluate(ParentRunner.java:268)
	at org.junit.runners.ParentRunner.run(ParentRunner.java:363)
	at org.junit.runners.Suite.runChild(Suite.java:128)
	at org.junit.runners.Suite.runChild(Suite.java:27)
	at org.junit.runners.ParentRunner$3.run(ParentRunner.java:290)
	at org.junit.runners.ParentRunner$1.schedule(ParentRunner.java:71)
	at org.junit.runners.ParentRunner.runChildren(ParentRunner.java:288)
	at org.junit.runners.ParentRunner.access$000(ParentRunner.java:58)
	at org.junit.runners.ParentRunner$2.evaluate(ParentRunner.java:268)
	at org.junit.runners.ParentRunner.run(ParentRunner.java:363)
	at org.apache.maven.surefire.junit4.JUnit4Provider.execute(JUnit4Provider.java:365)
	at org.apache.maven.surefire.junit4.JUnit4Provider.executeWithRerun(JUnit4Provider.java:273)
	at org.apache.maven.surefire.junit4.JUnit4Provider.executeTestSet(JUnit4Provider.java:238)
	at org.apache.maven.surefire.junit4.JUnit4Provider.invoke(JUnit4Provider.java:159)
	at org.apache.maven.surefire.booter.ForkedBooter.invokeProviderInSameClassLoader(ForkedBooter.java:384)
	at org.apache.maven.surefire.booter.ForkedBooter.runSuitesInProcess(ForkedBooter.java:345)
	at org.apache.maven.surefire.booter.ForkedBooter.execute(ForkedBooter.java:126)
	at org.apache.maven.surefire.booter.ForkedBooter.main(ForkedBooter.java:418)
Caused by: org.reflections.ReflectionsException: could not create class file from .gitkeep
	at org.reflections.adapters.JavassistAdapter.getOfCreateClassObject(JavassistAdapter.java:102)
	at org.reflections.adapters.JavassistAdapter.getOfCreateClassObject(JavassistAdapter.java:24)
	at org.reflections.scanners.AbstractScanner.scan(AbstractScanner.java:30)
	... 42 common frames omitted
Caused by: java.io.EOFException: null
	at java.base/java.io.DataInputStream.readInt(DataInputStream.java:397)
	at javassist.bytecode.ClassFile.read(ClassFile.java:823)
	at javassist.bytecode.ClassFile.<init>(ClassFile.java:154)
	at org.reflections.adapters.JavassistAdapter.getOfCreateClassObject(JavassistAdapter.java:100)
	... 44 common frames omitted
16:10:00.410 [main] DEBUG org.reflections.Reflections - could not scan file com/challenge/entity/.gitkeep in url file:/home/ricardorosa/codenation/java-9/target/classes/ with scanner SubTypesScanner
org.reflections.ReflectionsException: could not create class object from file com/challenge/entity/.gitkeep
	at org.reflections.scanners.AbstractScanner.scan(AbstractScanner.java:32)
	at org.reflections.Reflections.scan(Reflections.java:253)
	at org.reflections.Reflections.scan(Reflections.java:202)
	at org.reflections.Reflections.<init>(Reflections.java:123)
	at org.reflections.Reflections.<init>(Reflections.java:168)
	at org.reflections.Reflections.<init>(Reflections.java:141)
	at com.challenge.suite.ClassTest.getClassByNameOrTableName(ClassTest.java:231)
	at com.challenge.suite.ClassTest.newObject(ClassTest.java:172)
	at com.challenge.suite.ClassTest.findFieldAnnotatedBy(ClassTest.java:138)
	at com.challenge.suite.TableWithEmbeddedIdTest.checkPrimaryKeys(TableWithEmbeddedIdTest.java:36)
	at java.base/jdk.internal.reflect.NativeMethodAccessorImpl.invoke0(Native Method)
	at java.base/jdk.internal.reflect.NativeMethodAccessorImpl.invoke(NativeMethodAccessorImpl.java:62)
	at java.base/jdk.internal.reflect.DelegatingMethodAccessorImpl.invoke(DelegatingMethodAccessorImpl.java:43)
	at java.base/java.lang.reflect.Method.invoke(Method.java:566)
	at org.junit.runners.model.FrameworkMethod$1.runReflectiveCall(FrameworkMethod.java:50)
	at org.junit.internal.runners.model.ReflectiveCallable.run(ReflectiveCallable.java:12)
	at org.junit.runners.model.FrameworkMethod.invokeExplosively(FrameworkMethod.java:47)
	at org.junit.internal.runners.statements.InvokeMethod.evaluate(InvokeMethod.java:17)
	at org.junit.runners.ParentRunner.runLeaf(ParentRunner.java:325)
	at org.junit.runners.BlockJUnit4ClassRunner.runChild(BlockJUnit4ClassRunner.java:78)
	at org.junit.runners.BlockJUnit4ClassRunner.runChild(BlockJUnit4ClassRunner.java:57)
	at org.junit.runners.ParentRunner$3.run(ParentRunner.java:290)
	at org.junit.runners.ParentRunner$1.schedule(ParentRunner.java:71)
	at org.junit.runners.ParentRunner.runChildren(ParentRunner.java:288)
	at org.junit.runners.ParentRunner.access$000(ParentRunner.java:58)
	at org.junit.runners.ParentRunner$2.evaluate(ParentRunner.java:268)
	at org.junit.runners.ParentRunner.run(ParentRunner.java:363)
	at org.junit.runners.Suite.runChild(Suite.java:128)
	at org.junit.runners.Suite.runChild(Suite.java:27)
	at org.junit.runners.ParentRunner$3.run(ParentRunner.java:290)
	at org.junit.runners.ParentRunner$1.schedule(ParentRunner.java:71)
	at org.junit.runners.ParentRunner.runChildren(ParentRunner.java:288)
	at org.junit.runners.ParentRunner.access$000(ParentRunner.java:58)
	at org.junit.runners.ParentRunner$2.evaluate(ParentRunner.java:268)
	at org.junit.runners.ParentRunner.run(ParentRunner.java:363)
	at org.apache.maven.surefire.junit4.JUnit4Provider.execute(JUnit4Provider.java:365)
	at org.apache.maven.surefire.junit4.JUnit4Provider.executeWithRerun(JUnit4Provider.java:273)
	at org.apache.maven.surefire.junit4.JUnit4Provider.executeTestSet(JUnit4Provider.java:238)
	at org.apache.maven.surefire.junit4.JUnit4Provider.invoke(JUnit4Provider.java:159)
	at org.apache.maven.surefire.booter.ForkedBooter.invokeProviderInSameClassLoader(ForkedBooter.java:384)
	at org.apache.maven.surefire.booter.ForkedBooter.runSuitesInProcess(ForkedBooter.java:345)
	at org.apache.maven.surefire.booter.ForkedBooter.execute(ForkedBooter.java:126)
	at org.apache.maven.surefire.booter.ForkedBooter.main(ForkedBooter.java:418)
Caused by: org.reflections.ReflectionsException: could not create class file from .gitkeep
	at org.reflections.adapters.JavassistAdapter.getOfCreateClassObject(JavassistAdapter.java:102)
	at org.reflections.adapters.JavassistAdapter.getOfCreateClassObject(JavassistAdapter.java:24)
	at org.reflections.scanners.AbstractScanner.scan(AbstractScanner.java:30)
	... 42 common frames omitted
Caused by: java.io.EOFException: null
	at java.base/java.io.DataInputStream.readInt(DataInputStream.java:397)
	at javassist.bytecode.ClassFile.read(ClassFile.java:823)
	at javassist.bytecode.ClassFile.<init>(ClassFile.java:154)
	at org.reflections.adapters.JavassistAdapter.getOfCreateClassObject(JavassistAdapter.java:100)
	... 44 common frames omitted
16:10:00.415 [main] INFO org.reflections.Reflections - Reflections took 16 ms to scan 1 urls, producing 8 keys and 22 values 
]]></system-out>
  </testcase>
  <testcase name="verifyTableName" classname="com.challenge.suite.CandidateTest" time="0.16"/>
  <testcase name="checkOneToManyFieldsQuantity" classname="com.challenge.suite.CandidateTest" time="0.247"/>
  <testcase name="hasColumnCreatedAtWithAnnotationCreatedDate" classname="com.challenge.suite.CandidateTest" time="0.1"/>
  <testcase name="isEntity" classname="com.challenge.suite.CandidateTest" time="0.073"/>
  <testcase name="isEntityListener" classname="com.challenge.suite.CandidateTest" time="0.128"/>
  <testcase name="checkManyToOneFieldsQuantity" classname="com.challenge.suite.CandidateTest" time="0.06"/>
  <testcase name="hasColumnCreatedAt" classname="com.challenge.suite.CandidateTest" time="0.062"/>
  <testcase name="oneToManyFieldsFieldsAreCollection" classname="com.challenge.suite.CandidateTest" time="0.12"/>
  <testcase name="hasOneToManyAcceleration" classname="com.challenge.suite.ChallengeTest" time="0.073"/>
  <testcase name="hasOneToManySubmission" classname="com.challenge.suite.ChallengeTest" time="0.068"/>
  <testcase name="hasColumnName" classname="com.challenge.suite.ChallengeTest" time="0.065"/>
  <testcase name="hasColumnSlug" classname="com.challenge.suite.ChallengeTest" time="0.065"/>
  <testcase name="hasColumnSlugSize" classname="com.challenge.suite.ChallengeTest" time="0.061"/>
  <testcase name="hasColumnSlugNotNull" classname="com.challenge.suite.ChallengeTest" time="0.06"/>
  <testcase name="hasColumnNameNotNull" classname="com.challenge.suite.ChallengeTest" time="0.066"/>
  <testcase name="hasColumnNameSized" classname="com.challenge.suite.ChallengeTest" time="0.068"/>
  <testcase name="verifyTableName" classname="com.challenge.suite.ChallengeTest" time="0.063"/>
  <testcase name="checkOneToManyFieldsQuantity" classname="com.challenge.suite.ChallengeTest" time="0.063"/>
  <testcase name="hasColumnCreatedAtWithAnnotationCreatedDate" classname="com.challenge.suite.ChallengeTest" time="0.07"/>
  <testcase name="isEntity" classname="com.challenge.suite.ChallengeTest" time="0.078"/>
  <testcase name="isEntityListener" classname="com.challenge.suite.ChallengeTest" time="0.066"/>
  <testcase name="checkManyToOneFieldsQuantity" classname="com.challenge.suite.ChallengeTest" time="0.115"/>
  <testcase name="hasColumnCreatedAt" classname="com.challenge.suite.ChallengeTest" time="0.128"/>
  <testcase name="oneToManyFieldsFieldsAreCollection" classname="com.challenge.suite.ChallengeTest" time="0.059"/>
  <testcase name="hasOneToManyCandidates" classname="com.challenge.suite.CompanyTest" time="0.064"/>
  <testcase name="hasColumnName" classname="com.challenge.suite.CompanyTest" time="0.088"/>
  <testcase name="hasColumnSlug" classname="com.challenge.suite.CompanyTest" time="0.065"/>
  <testcase name="hasColumnSlugSize" classname="com.challenge.suite.CompanyTest" time="0.07"/>
  <testcase name="hasColumnSlugNotNull" classname="com.challenge.suite.CompanyTest" time="0.069"/>
  <testcase name="hasColumnNameNotNull" classname="com.challenge.suite.CompanyTest" time="0.065"/>
  <testcase name="hasColumnNameSized" classname="com.challenge.suite.CompanyTest" time="0.069"/>
  <testcase name="verifyTableName" classname="com.challenge.suite.CompanyTest" time="0.064"/>
  <testcase name="checkOneToManyFieldsQuantity" classname="com.challenge.suite.CompanyTest" time="0.086"/>
  <testcase name="hasColumnCreatedAtWithAnnotationCreatedDate" classname="com.challenge.suite.CompanyTest" time="0.071"/>
  <testcase name="isEntity" classname="com.challenge.suite.CompanyTest" time="0.063"/>
  <testcase name="isEntityListener" classname="com.challenge.suite.CompanyTest" time="0.059"/>
  <testcase name="checkManyToOneFieldsQuantity" classname="com.challenge.suite.CompanyTest" time="0.064"/>
  <testcase name="hasColumnCreatedAt" classname="com.challenge.suite.CompanyTest" time="0.067"/>
  <testcase name="oneToManyFieldsFieldsAreCollection" classname="com.challenge.suite.CompanyTest" time="0.071"/>
  <testcase name="hasColumnScore" classname="com.challenge.suite.SubmissionTest" time="0.073"/>
  <testcase name="hasColumnScoreNotNull" classname="com.challenge.suite.SubmissionTest" time="0.066"/>
  <testcase name="checkPrimaryKeysWithManyToOne" classname="com.challenge.suite.SubmissionTest" time="0.064">
    <error type="java.lang.NullPointerException">java.lang.NullPointerException
</error>
    <system-out><![CDATA[16:10:01.758 [main] DEBUG org.reflections.Reflections - going to scan these urls:
file:/home/ricardorosa/codenation/java-9/target/classes/
16:10:01.765 [main] DEBUG org.reflections.Reflections - could not scan file com/challenge/entity/.gitkeep in url file:/home/ricardorosa/codenation/java-9/target/classes/ with scanner TypeAnnotationsScanner
org.reflections.ReflectionsException: could not create class object from file com/challenge/entity/.gitkeep
	at org.reflections.scanners.AbstractScanner.scan(AbstractScanner.java:32)
	at org.reflections.Reflections.scan(Reflections.java:253)
	at org.reflections.Reflections.scan(Reflections.java:202)
	at org.reflections.Reflections.<init>(Reflections.java:123)
	at org.reflections.Reflections.<init>(Reflections.java:168)
	at org.reflections.Reflections.<init>(Reflections.java:141)
	at com.challenge.suite.ClassTest.getClassByNameOrTableName(ClassTest.java:231)
	at com.challenge.suite.ClassTest.newObject(ClassTest.java:172)
	at com.challenge.suite.ClassTest.findFieldAnnotatedBy(ClassTest.java:138)
	at com.challenge.suite.TableWithEmbeddedIdTest.checkPrimaryKeysWithManyToOne(TableWithEmbeddedIdTest.java:46)
	at java.base/jdk.internal.reflect.NativeMethodAccessorImpl.invoke0(Native Method)
	at java.base/jdk.internal.reflect.NativeMethodAccessorImpl.invoke(NativeMethodAccessorImpl.java:62)
	at java.base/jdk.internal.reflect.DelegatingMethodAccessorImpl.invoke(DelegatingMethodAccessorImpl.java:43)
	at java.base/java.lang.reflect.Method.invoke(Method.java:566)
	at org.junit.runners.model.FrameworkMethod$1.runReflectiveCall(FrameworkMethod.java:50)
	at org.junit.internal.runners.model.ReflectiveCallable.run(ReflectiveCallable.java:12)
	at org.junit.runners.model.FrameworkMethod.invokeExplosively(FrameworkMethod.java:47)
	at org.junit.internal.runners.statements.InvokeMethod.evaluate(InvokeMethod.java:17)
	at org.junit.runners.ParentRunner.runLeaf(ParentRunner.java:325)
	at org.junit.runners.BlockJUnit4ClassRunner.runChild(BlockJUnit4ClassRunner.java:78)
	at org.junit.runners.BlockJUnit4ClassRunner.runChild(BlockJUnit4ClassRunner.java:57)
	at org.junit.runners.ParentRunner$3.run(ParentRunner.java:290)
	at org.junit.runners.ParentRunner$1.schedule(ParentRunner.java:71)
	at org.junit.runners.ParentRunner.runChildren(ParentRunner.java:288)
	at org.junit.runners.ParentRunner.access$000(ParentRunner.java:58)
	at org.junit.runners.ParentRunner$2.evaluate(ParentRunner.java:268)
	at org.junit.runners.ParentRunner.run(ParentRunner.java:363)
	at org.junit.runners.Suite.runChild(Suite.java:128)
	at org.junit.runners.Suite.runChild(Suite.java:27)
	at org.junit.runners.ParentRunner$3.run(ParentRunner.java:290)
	at org.junit.runners.ParentRunner$1.schedule(ParentRunner.java:71)
	at org.junit.runners.ParentRunner.runChildren(ParentRunner.java:288)
	at org.junit.runners.ParentRunner.access$000(ParentRunner.java:58)
	at org.junit.runners.ParentRunner$2.evaluate(ParentRunner.java:268)
	at org.junit.runners.ParentRunner.run(ParentRunner.java:363)
	at org.apache.maven.surefire.junit4.JUnit4Provider.execute(JUnit4Provider.java:365)
	at org.apache.maven.surefire.junit4.JUnit4Provider.executeWithRerun(JUnit4Provider.java:273)
	at org.apache.maven.surefire.junit4.JUnit4Provider.executeTestSet(JUnit4Provider.java:238)
	at org.apache.maven.surefire.junit4.JUnit4Provider.invoke(JUnit4Provider.java:159)
	at org.apache.maven.surefire.booter.ForkedBooter.invokeProviderInSameClassLoader(ForkedBooter.java:384)
	at org.apache.maven.surefire.booter.ForkedBooter.runSuitesInProcess(ForkedBooter.java:345)
	at org.apache.maven.surefire.booter.ForkedBooter.execute(ForkedBooter.java:126)
	at org.apache.maven.surefire.booter.ForkedBooter.main(ForkedBooter.java:418)
Caused by: org.reflections.ReflectionsException: could not create class file from .gitkeep
	at org.reflections.adapters.JavassistAdapter.getOfCreateClassObject(JavassistAdapter.java:102)
	at org.reflections.adapters.JavassistAdapter.getOfCreateClassObject(JavassistAdapter.java:24)
	at org.reflections.scanners.AbstractScanner.scan(AbstractScanner.java:30)
	... 42 common frames omitted
Caused by: java.io.EOFException: null
	at java.base/java.io.DataInputStream.readInt(DataInputStream.java:397)
	at javassist.bytecode.ClassFile.read(ClassFile.java:823)
	at javassist.bytecode.ClassFile.<init>(ClassFile.java:154)
	at org.reflections.adapters.JavassistAdapter.getOfCreateClassObject(JavassistAdapter.java:100)
	... 44 common frames omitted
16:10:01.767 [main] DEBUG org.reflections.Reflections - could not scan file com/challenge/entity/.gitkeep in url file:/home/ricardorosa/codenation/java-9/target/classes/ with scanner SubTypesScanner
org.reflections.ReflectionsException: could not create class object from file com/challenge/entity/.gitkeep
	at org.reflections.scanners.AbstractScanner.scan(AbstractScanner.java:32)
	at org.reflections.Reflections.scan(Reflections.java:253)
	at org.reflections.Reflections.scan(Reflections.java:202)
	at org.reflections.Reflections.<init>(Reflections.java:123)
	at org.reflections.Reflections.<init>(Reflections.java:168)
	at org.reflections.Reflections.<init>(Reflections.java:141)
	at com.challenge.suite.ClassTest.getClassByNameOrTableName(ClassTest.java:231)
	at com.challenge.suite.ClassTest.newObject(ClassTest.java:172)
	at com.challenge.suite.ClassTest.findFieldAnnotatedBy(ClassTest.java:138)
	at com.challenge.suite.TableWithEmbeddedIdTest.checkPrimaryKeysWithManyToOne(TableWithEmbeddedIdTest.java:46)
	at java.base/jdk.internal.reflect.NativeMethodAccessorImpl.invoke0(Native Method)
	at java.base/jdk.internal.reflect.NativeMethodAccessorImpl.invoke(NativeMethodAccessorImpl.java:62)
	at java.base/jdk.internal.reflect.DelegatingMethodAccessorImpl.invoke(DelegatingMethodAccessorImpl.java:43)
	at java.base/java.lang.reflect.Method.invoke(Method.java:566)
	at org.junit.runners.model.FrameworkMethod$1.runReflectiveCall(FrameworkMethod.java:50)
	at org.junit.internal.runners.model.ReflectiveCallable.run(ReflectiveCallable.java:12)
	at org.junit.runners.model.FrameworkMethod.invokeExplosively(FrameworkMethod.java:47)
	at org.junit.internal.runners.statements.InvokeMethod.evaluate(InvokeMethod.java:17)
	at org.junit.runners.ParentRunner.runLeaf(ParentRunner.java:325)
	at org.junit.runners.BlockJUnit4ClassRunner.runChild(BlockJUnit4ClassRunner.java:78)
	at org.junit.runners.BlockJUnit4ClassRunner.runChild(BlockJUnit4ClassRunner.java:57)
	at org.junit.runners.ParentRunner$3.run(ParentRunner.java:290)
	at org.junit.runners.ParentRunner$1.schedule(ParentRunner.java:71)
	at org.junit.runners.ParentRunner.runChildren(ParentRunner.java:288)
	at org.junit.runners.ParentRunner.access$000(ParentRunner.java:58)
	at org.junit.runners.ParentRunner$2.evaluate(ParentRunner.java:268)
	at org.junit.runners.ParentRunner.run(ParentRunner.java:363)
	at org.junit.runners.Suite.runChild(Suite.java:128)
	at org.junit.runners.Suite.runChild(Suite.java:27)
	at org.junit.runners.ParentRunner$3.run(ParentRunner.java:290)
	at org.junit.runners.ParentRunner$1.schedule(ParentRunner.java:71)
	at org.junit.runners.ParentRunner.runChildren(ParentRunner.java:288)
	at org.junit.runners.ParentRunner.access$000(ParentRunner.java:58)
	at org.junit.runners.ParentRunner$2.evaluate(ParentRunner.java:268)
	at org.junit.runners.ParentRunner.run(ParentRunner.java:363)
	at org.apache.maven.surefire.junit4.JUnit4Provider.execute(JUnit4Provider.java:365)
	at org.apache.maven.surefire.junit4.JUnit4Provider.executeWithRerun(JUnit4Provider.java:273)
	at org.apache.maven.surefire.junit4.JUnit4Provider.executeTestSet(JUnit4Provider.java:238)
	at org.apache.maven.surefire.junit4.JUnit4Provider.invoke(JUnit4Provider.java:159)
	at org.apache.maven.surefire.booter.ForkedBooter.invokeProviderInSameClassLoader(ForkedBooter.java:384)
	at org.apache.maven.surefire.booter.ForkedBooter.runSuitesInProcess(ForkedBooter.java:345)
	at org.apache.maven.surefire.booter.ForkedBooter.execute(ForkedBooter.java:126)
	at org.apache.maven.surefire.booter.ForkedBooter.main(ForkedBooter.java:418)
Caused by: org.reflections.ReflectionsException: could not create class file from .gitkeep
	at org.reflections.adapters.JavassistAdapter.getOfCreateClassObject(JavassistAdapter.java:102)
	at org.reflections.adapters.JavassistAdapter.getOfCreateClassObject(JavassistAdapter.java:24)
	at org.reflections.scanners.AbstractScanner.scan(AbstractScanner.java:30)
	... 42 common frames omitted
Caused by: java.io.EOFException: null
	at java.base/java.io.DataInputStream.readInt(DataInputStream.java:397)
	at javassist.bytecode.ClassFile.read(ClassFile.java:823)
	at javassist.bytecode.ClassFile.<init>(ClassFile.java:154)
	at org.reflections.adapters.JavassistAdapter.getOfCreateClassObject(JavassistAdapter.java:100)
	... 44 common frames omitted
16:10:01.771 [main] INFO org.reflections.Reflections - Reflections took 13 ms to scan 1 urls, producing 8 keys and 22 values 
]]></system-out>
  </testcase>
  <testcase name="hasEmbeddedId" classname="com.challenge.suite.SubmissionTest" time="0.056"/>
  <testcase name="checkEmbeddedIdIsEmbeddable" classname="com.challenge.suite.SubmissionTest" time="0.047"/>
  <testcase name="checkPrimaryKeys" classname="com.challenge.suite.SubmissionTest" time="0.063">
    <error type="java.lang.NullPointerException">java.lang.NullPointerException
</error>
    <system-out><![CDATA[16:10:01.817 [main] DEBUG org.reflections.Reflections - going to scan these urls:
file:/home/ricardorosa/codenation/java-9/target/classes/
16:10:01.825 [main] DEBUG org.reflections.Reflections - could not scan file com/challenge/entity/.gitkeep in url file:/home/ricardorosa/codenation/java-9/target/classes/ with scanner TypeAnnotationsScanner
org.reflections.ReflectionsException: could not create class object from file com/challenge/entity/.gitkeep
	at org.reflections.scanners.AbstractScanner.scan(AbstractScanner.java:32)
	at org.reflections.Reflections.scan(Reflections.java:253)
	at org.reflections.Reflections.scan(Reflections.java:202)
	at org.reflections.Reflections.<init>(Reflections.java:123)
	at org.reflections.Reflections.<init>(Reflections.java:168)
	at org.reflections.Reflections.<init>(Reflections.java:141)
	at com.challenge.suite.ClassTest.getClassByNameOrTableName(ClassTest.java:231)
	at com.challenge.suite.ClassTest.newObject(ClassTest.java:172)
	at com.challenge.suite.ClassTest.findFieldAnnotatedBy(ClassTest.java:138)
	at com.challenge.suite.TableWithEmbeddedIdTest.checkPrimaryKeys(TableWithEmbeddedIdTest.java:36)
	at java.base/jdk.internal.reflect.NativeMethodAccessorImpl.invoke0(Native Method)
	at java.base/jdk.internal.reflect.NativeMethodAccessorImpl.invoke(NativeMethodAccessorImpl.java:62)
	at java.base/jdk.internal.reflect.DelegatingMethodAccessorImpl.invoke(DelegatingMethodAccessorImpl.java:43)
	at java.base/java.lang.reflect.Method.invoke(Method.java:566)
	at org.junit.runners.model.FrameworkMethod$1.runReflectiveCall(FrameworkMethod.java:50)
	at org.junit.internal.runners.model.ReflectiveCallable.run(ReflectiveCallable.java:12)
	at org.junit.runners.model.FrameworkMethod.invokeExplosively(FrameworkMethod.java:47)
	at org.junit.internal.runners.statements.InvokeMethod.evaluate(InvokeMethod.java:17)
	at org.junit.runners.ParentRunner.runLeaf(ParentRunner.java:325)
	at org.junit.runners.BlockJUnit4ClassRunner.runChild(BlockJUnit4ClassRunner.java:78)
	at org.junit.runners.BlockJUnit4ClassRunner.runChild(BlockJUnit4ClassRunner.java:57)
	at org.junit.runners.ParentRunner$3.run(ParentRunner.java:290)
	at org.junit.runners.ParentRunner$1.schedule(ParentRunner.java:71)
	at org.junit.runners.ParentRunner.runChildren(ParentRunner.java:288)
	at org.junit.runners.ParentRunner.access$000(ParentRunner.java:58)
	at org.junit.runners.ParentRunner$2.evaluate(ParentRunner.java:268)
	at org.junit.runners.ParentRunner.run(ParentRunner.java:363)
	at org.junit.runners.Suite.runChild(Suite.java:128)
	at org.junit.runners.Suite.runChild(Suite.java:27)
	at org.junit.runners.ParentRunner$3.run(ParentRunner.java:290)
	at org.junit.runners.ParentRunner$1.schedule(ParentRunner.java:71)
	at org.junit.runners.ParentRunner.runChildren(ParentRunner.java:288)
	at org.junit.runners.ParentRunner.access$000(ParentRunner.java:58)
	at org.junit.runners.ParentRunner$2.evaluate(ParentRunner.java:268)
	at org.junit.runners.ParentRunner.run(ParentRunner.java:363)
	at org.apache.maven.surefire.junit4.JUnit4Provider.execute(JUnit4Provider.java:365)
	at org.apache.maven.surefire.junit4.JUnit4Provider.executeWithRerun(JUnit4Provider.java:273)
	at org.apache.maven.surefire.junit4.JUnit4Provider.executeTestSet(JUnit4Provider.java:238)
	at org.apache.maven.surefire.junit4.JUnit4Provider.invoke(JUnit4Provider.java:159)
	at org.apache.maven.surefire.booter.ForkedBooter.invokeProviderInSameClassLoader(ForkedBooter.java:384)
	at org.apache.maven.surefire.booter.ForkedBooter.runSuitesInProcess(ForkedBooter.java:345)
	at org.apache.maven.surefire.booter.ForkedBooter.execute(ForkedBooter.java:126)
	at org.apache.maven.surefire.booter.ForkedBooter.main(ForkedBooter.java:418)
Caused by: org.reflections.ReflectionsException: could not create class file from .gitkeep
	at org.reflections.adapters.JavassistAdapter.getOfCreateClassObject(JavassistAdapter.java:102)
	at org.reflections.adapters.JavassistAdapter.getOfCreateClassObject(JavassistAdapter.java:24)
	at org.reflections.scanners.AbstractScanner.scan(AbstractScanner.java:30)
	... 42 common frames omitted
Caused by: java.io.EOFException: null
	at java.base/java.io.DataInputStream.readInt(DataInputStream.java:397)
	at javassist.bytecode.ClassFile.read(ClassFile.java:823)
	at javassist.bytecode.ClassFile.<init>(ClassFile.java:154)
	at org.reflections.adapters.JavassistAdapter.getOfCreateClassObject(JavassistAdapter.java:100)
	... 44 common frames omitted
16:10:01.827 [main] DEBUG org.reflections.Reflections - could not scan file com/challenge/entity/.gitkeep in url file:/home/ricardorosa/codenation/java-9/target/classes/ with scanner SubTypesScanner
org.reflections.ReflectionsException: could not create class object from file com/challenge/entity/.gitkeep
	at org.reflections.scanners.AbstractScanner.scan(AbstractScanner.java:32)
	at org.reflections.Reflections.scan(Reflections.java:253)
	at org.reflections.Reflections.scan(Reflections.java:202)
	at org.reflections.Reflections.<init>(Reflections.java:123)
	at org.reflections.Reflections.<init>(Reflections.java:168)
	at org.reflections.Reflections.<init>(Reflections.java:141)
	at com.challenge.suite.ClassTest.getClassByNameOrTableName(ClassTest.java:231)
	at com.challenge.suite.ClassTest.newObject(ClassTest.java:172)
	at com.challenge.suite.ClassTest.findFieldAnnotatedBy(ClassTest.java:138)
	at com.challenge.suite.TableWithEmbeddedIdTest.checkPrimaryKeys(TableWithEmbeddedIdTest.java:36)
	at java.base/jdk.internal.reflect.NativeMethodAccessorImpl.invoke0(Native Method)
	at java.base/jdk.internal.reflect.NativeMethodAccessorImpl.invoke(NativeMethodAccessorImpl.java:62)
	at java.base/jdk.internal.reflect.DelegatingMethodAccessorImpl.invoke(DelegatingMethodAccessorImpl.java:43)
	at java.base/java.lang.reflect.Method.invoke(Method.java:566)
	at org.junit.runners.model.FrameworkMethod$1.runReflectiveCall(FrameworkMethod.java:50)
	at org.junit.internal.runners.model.ReflectiveCallable.run(ReflectiveCallable.java:12)
	at org.junit.runners.model.FrameworkMethod.invokeExplosively(FrameworkMethod.java:47)
	at org.junit.internal.runners.statements.InvokeMethod.evaluate(InvokeMethod.java:17)
	at org.junit.runners.ParentRunner.runLeaf(ParentRunner.java:325)
	at org.junit.runners.BlockJUnit4ClassRunner.runChild(BlockJUnit4ClassRunner.java:78)
	at org.junit.runners.BlockJUnit4ClassRunner.runChild(BlockJUnit4ClassRunner.java:57)
	at org.junit.runners.ParentRunner$3.run(ParentRunner.java:290)
	at org.junit.runners.ParentRunner$1.schedule(ParentRunner.java:71)
	at org.junit.runners.ParentRunner.runChildren(ParentRunner.java:288)
	at org.junit.runners.ParentRunner.access$000(ParentRunner.java:58)
	at org.junit.runners.ParentRunner$2.evaluate(ParentRunner.java:268)
	at org.junit.runners.ParentRunner.run(ParentRunner.java:363)
	at org.junit.runners.Suite.runChild(Suite.java:128)
	at org.junit.runners.Suite.runChild(Suite.java:27)
	at org.junit.runners.ParentRunner$3.run(ParentRunner.java:290)
	at org.junit.runners.ParentRunner$1.schedule(ParentRunner.java:71)
	at org.junit.runners.ParentRunner.runChildren(ParentRunner.java:288)
	at org.junit.runners.ParentRunner.access$000(ParentRunner.java:58)
	at org.junit.runners.ParentRunner$2.evaluate(ParentRunner.java:268)
	at org.junit.runners.ParentRunner.run(ParentRunner.java:363)
	at org.apache.maven.surefire.junit4.JUnit4Provider.execute(JUnit4Provider.java:365)
	at org.apache.maven.surefire.junit4.JUnit4Provider.executeWithRerun(JUnit4Provider.java:273)
	at org.apache.maven.surefire.junit4.JUnit4Provider.executeTestSet(JUnit4Provider.java:238)
	at org.apache.maven.surefire.junit4.JUnit4Provider.invoke(JUnit4Provider.java:159)
	at org.apache.maven.surefire.booter.ForkedBooter.invokeProviderInSameClassLoader(ForkedBooter.java:384)
	at org.apache.maven.surefire.booter.ForkedBooter.runSuitesInProcess(ForkedBooter.java:345)
	at org.apache.maven.surefire.booter.ForkedBooter.execute(ForkedBooter.java:126)
	at org.apache.maven.surefire.booter.ForkedBooter.main(ForkedBooter.java:418)
Caused by: org.reflections.ReflectionsException: could not create class file from .gitkeep
	at org.reflections.adapters.JavassistAdapter.getOfCreateClassObject(JavassistAdapter.java:102)
	at org.reflections.adapters.JavassistAdapter.getOfCreateClassObject(JavassistAdapter.java:24)
	at org.reflections.scanners.AbstractScanner.scan(AbstractScanner.java:30)
	... 42 common frames omitted
Caused by: java.io.EOFException: null
	at java.base/java.io.DataInputStream.readInt(DataInputStream.java:397)
	at javassist.bytecode.ClassFile.read(ClassFile.java:823)
	at javassist.bytecode.ClassFile.<init>(ClassFile.java:154)
	at org.reflections.adapters.JavassistAdapter.getOfCreateClassObject(JavassistAdapter.java:100)
	... 44 common frames omitted
16:10:01.841 [main] INFO org.reflections.Reflections - Reflections took 23 ms to scan 1 urls, producing 8 keys and 22 values 
]]></system-out>
  </testcase>
  <testcase name="verifyTableName" classname="com.challenge.suite.SubmissionTest" time="0.057"/>
  <testcase name="checkOneToManyFieldsQuantity" classname="com.challenge.suite.SubmissionTest" time="0.063"/>
  <testcase name="hasColumnCreatedAtWithAnnotationCreatedDate" classname="com.challenge.suite.SubmissionTest" time="0.056"/>
  <testcase name="isEntity" classname="com.challenge.suite.SubmissionTest" time="0.043"/>
  <testcase name="isEntityListener" classname="com.challenge.suite.SubmissionTest" time="0.061"/>
  <testcase name="checkManyToOneFieldsQuantity" classname="com.challenge.suite.SubmissionTest" time="0.06"/>
  <testcase name="hasColumnCreatedAt" classname="com.challenge.suite.SubmissionTest" time="0.064"/>
  <testcase name="oneToManyFieldsFieldsAreCollection" classname="com.challenge.suite.SubmissionTest" time="0.069"/>
  <testcase name="hasColumnNicknameNotNull" classname="com.challenge.suite.UserTest" time="0.127"/>
  <testcase name="hasOneToManySubmissions" classname="com.challenge.suite.UserTest" time="0.069"/>
  <testcase name="hasColumnEmailSize" classname="com.challenge.suite.UserTest" time="0.067"/>
  <testcase name="hasColumnPasswordSize" classname="com.challenge.suite.UserTest" time="0.072"/>
  <testcase name="hasColumnEmail" classname="com.challenge.suite.UserTest" time="0.069"/>
  <testcase name="hasColumnFullNameSize" classname="com.challenge.suite.UserTest" time="0.068"/>
  <testcase name="hasColumnNicknameSize" classname="com.challenge.suite.UserTest" time="0.073"/>
  <testcase name="hasColumnFullNameNotNull" classname="com.challenge.suite.UserTest" time="0.072"/>
  <testcase name="hasColumnEmailNotNull" classname="com.challenge.suite.UserTest" time="0.067"/>
  <testcase name="hasColumnNickname" classname="com.challenge.suite.UserTest" time="0.07"/>
  <testcase name="hasOneToManyCandidates" classname="com.challenge.suite.UserTest" time="0.07"/>
  <testcase name="hasColumnPasswordNotNull" classname="com.challenge.suite.UserTest" time="0.065"/>
  <testcase name="hasColumnPassword" classname="com.challenge.suite.UserTest" time="0.066"/>
  <testcase name="hasColumnFullName" classname="com.challenge.suite.UserTest" time="0.061"/>
  <testcase name="hasColumnEmailWithEmailAnnotation" classname="com.challenge.suite.UserTest" time="0.092"/>
  <testcase name="hasColumnId" classname="com.challenge.suite.UserTest" time="0.077"/>
  <testcase name="hasIdWithAnnotationId" classname="com.challenge.suite.UserTest" time="0.064"/>
  <testcase name="hasIdWithAnnotationGeneratedValueWithStrategyIdentity" classname="com.challenge.suite.UserTest" time="0.066"/>
  <testcase name="hasIdWithAnnotationGeneratedValue" classname="com.challenge.suite.UserTest" time="0.055"/>
  <testcase name="verifyTableName" classname="com.challenge.suite.UserTest" time="0.071"/>
  <testcase name="checkOneToManyFieldsQuantity" classname="com.challenge.suite.UserTest" time="0.071"/>
  <testcase name="hasColumnCreatedAtWithAnnotationCreatedDate" classname="com.challenge.suite.UserTest" time="0.063"/>
  <testcase name="isEntity" classname="com.challenge.suite.UserTest" time="0.079"/>
  <testcase name="isEntityListener" classname="com.challenge.suite.UserTest" time="0.059"/>
  <testcase name="checkManyToOneFieldsQuantity" classname="com.challenge.suite.UserTest" time="0.057"/>
  <testcase name="hasColumnCreatedAt" classname="com.challenge.suite.UserTest" time="0.058"/>
  <testcase name="oneToManyFieldsFieldsAreCollection" classname="com.challenge.suite.UserTest" time="0.06"/>
</testsuite>